[GIN-debug] [WARNING] Creating an Engine instance with the Logger and Recovery middleware already attached.

[GIN-debug] [WARNING] Running in "debug" mode. Switch to "release" mode in production.
 - using env:	export GIN_MODE=release
 - using code:	gin.SetMode(gin.ReleaseMode)

[GIN-debug] GET    /workload/exec            --> backend/deprecated.WsHandler (3 handlers)
[GIN-debug] GET    /api/sockjs/*path         --> github.com/gin-gonic/gin.WrapH.func1 (3 handlers)
[GIN-debug] POST   /api/sockjs/*path         --> github.com/gin-gonic/gin.WrapH.func1 (3 handlers)
[GIN-debug] PUT    /api/sockjs/*path         --> github.com/gin-gonic/gin.WrapH.func1 (3 handlers)
[GIN-debug] PATCH  /api/sockjs/*path         --> github.com/gin-gonic/gin.WrapH.func1 (3 handlers)
[GIN-debug] HEAD   /api/sockjs/*path         --> github.com/gin-gonic/gin.WrapH.func1 (3 handlers)
[GIN-debug] OPTIONS /api/sockjs/*path         --> github.com/gin-gonic/gin.WrapH.func1 (3 handlers)
[GIN-debug] DELETE /api/sockjs/*path         --> github.com/gin-gonic/gin.WrapH.func1 (3 handlers)
[GIN-debug] CONNECT /api/sockjs/*path         --> github.com/gin-gonic/gin.WrapH.func1 (3 handlers)
[GIN-debug] TRACE  /api/sockjs/*path         --> github.com/gin-gonic/gin.WrapH.func1 (3 handlers)
[GIN-debug] POST   /login                    --> backend/Controllers/login.Login (5 handlers)
[GIN-debug] POST   /register                 --> backend/Controllers/register.Register (5 handlers)
[GIN-debug] GET    /captcha                  --> backend/tools.GenerateCaptcha (5 handlers)
[GIN-debug] POST   /clusterManagement/upload --> backend/Controllers/clusterManagement.UpLoadKubeConfigFile (6 handlers)
[GIN-debug] GET    /clusterManagement/clusters --> backend/Controllers/clusterManagement.GetClusterKubeConfigPartInfo (6 handlers)
[GIN-debug] POST   /clusterManagement/connectCluster --> backend/Controllers/clusterManagement.ConnectCluster (6 handlers)
[GIN-debug] GET    /cluster/namespaces       --> backend/Controllers/k8s/namespace.GetNamespacesInfo (6 handlers)
[GIN-debug] POST   /cluster/namespace/delete --> backend/Controllers/k8s/namespace.DeleteNamespace (6 handlers)
[GIN-debug] POST   /cluster/namespace/update --> backend/Controllers/k8s/namespace.UpdateNamespace (6 handlers)
[GIN-debug] GET    /cluster/namespace/get    --> backend/Controllers/k8s/namespace.GetNamespace (6 handlers)
[GIN-debug] GET    /cluster/nodes            --> backend/Controllers/k8s/node.GetNodesInfo (6 handlers)
[GIN-debug] GET    /config/configMaps        --> backend/Controllers/k8s/config/configMap.GetConfigMapsInfo (6 handlers)
[GIN-debug] POST   /config/configMap/delete  --> backend/Controllers/k8s/config/configMap.DeleteConfigMap (6 handlers)
[GIN-debug] POST   /config/configMap/update  --> backend/Controllers/k8s/config/configMap.UpdateConfigMap (6 handlers)
[GIN-debug] GET    /config/configMap/get     --> backend/Controllers/k8s/config/configMap.GetConfigMap (6 handlers)
[GIN-debug] GET    /config/secrets           --> backend/Controllers/k8s/config/secret.GetSecretsInfo (6 handlers)
[GIN-debug] POST   /config/secret/delete     --> backend/Controllers/k8s/config/secret.DeleteSecret (6 handlers)
[GIN-debug] POST   /config/secret/update     --> backend/Controllers/k8s/config/secret.UpdateSecret (6 handlers)
[GIN-debug] GET    /config/secret/get        --> backend/Controllers/k8s/config/secret.GetSecret (6 handlers)
[GIN-debug] POST   /other/resourcesCreate    --> backend/Controllers/k8s/other/resourcesCreat.ResourcesCreate (6 handlers)
[GIN-debug] GET    /other/template           --> backend/Controllers/k8s/other/resourceTemplate.GetResourceTemplate (6 handlers)
[GIN-debug] GET    /other/events             --> backend/Controllers/k8s/other/event.GetEventsInfo (6 handlers)
[GIN-debug] GET    /rbac/clusterRoles        --> backend/Controllers/k8s/RBAC/clusterRole.GetClusterRolesInfo (6 handlers)
[GIN-debug] POST   /rbac/clusterRole/delete  --> backend/Controllers/k8s/RBAC/clusterRole.DeleteClusterRole (6 handlers)
[GIN-debug] POST   /rbac/clusterRole/update  --> backend/Controllers/k8s/RBAC/clusterRole.UpdateClusterRole (6 handlers)
[GIN-debug] GET    /rbac/clusterRole/get     --> backend/Controllers/k8s/RBAC/clusterRole.GetClusterRole (6 handlers)
[GIN-debug] GET    /rbac/clusterRoleBindings --> backend/Controllers/k8s/RBAC/clusterRoleBinding.GetClusterRoleBindingsInfo (6 handlers)
[GIN-debug] POST   /rbac/clusterRoleBinding/delete --> backend/Controllers/k8s/RBAC/clusterRoleBinding.DeleteClusterRoleBinding (6 handlers)
[GIN-debug] POST   /rbac/clusterRoleBinding/update --> backend/Controllers/k8s/RBAC/clusterRoleBinding.UpdateClusterRoleBinding (6 handlers)
[GIN-debug] GET    /rbac/clusterRoleBinding/get --> backend/Controllers/k8s/RBAC/clusterRoleBinding.GetClusterRoleBinding (6 handlers)
[GIN-debug] GET    /rbac/roles               --> backend/Controllers/k8s/RBAC/role.GetRolesInfo (6 handlers)
[GIN-debug] POST   /rbac/role/delete         --> backend/Controllers/k8s/RBAC/role.DeleteRole (6 handlers)
[GIN-debug] POST   /rbac/role/update         --> backend/Controllers/k8s/RBAC/role.UpdateRole (6 handlers)
[GIN-debug] GET    /rbac/role/get            --> backend/Controllers/k8s/RBAC/role.GetRole (6 handlers)
[GIN-debug] GET    /rbac/roleBindings        --> backend/Controllers/k8s/RBAC/roleBinding.GetRoleBindingsInfo (6 handlers)
[GIN-debug] POST   /rbac/roleBinding/delete  --> backend/Controllers/k8s/RBAC/roleBinding.DeleteRoleBinding (6 handlers)
[GIN-debug] POST   /rbac/roleBinding/update  --> backend/Controllers/k8s/RBAC/roleBinding.UpdateRoleBinding (6 handlers)
[GIN-debug] GET    /rbac/roleBinding/get     --> backend/Controllers/k8s/RBAC/roleBinding.GetRoleBinding (6 handlers)
[GIN-debug] GET    /rbac/serviceAccounts     --> backend/Controllers/k8s/RBAC/serviceAccount.GetServiceAccountsInfo (6 handlers)
[GIN-debug] POST   /rbac/serviceAccount/delete --> backend/Controllers/k8s/RBAC/serviceAccount.DeleteServiceAccount (6 handlers)
[GIN-debug] POST   /rbac/serviceAccount/update --> backend/Controllers/k8s/RBAC/serviceAccount.UpdateServiceAccount (6 handlers)
[GIN-debug] GET    /rbac/serviceAccount/get  --> backend/Controllers/k8s/RBAC/serviceAccount.GetServiceAccount (6 handlers)
[GIN-debug] GET    /storage/persistentVolumes --> backend/Controllers/k8s/storage/persistentVolume.GetPersistentVolumesInfo (6 handlers)
[GIN-debug] POST   /storage/persistentVolume/delete --> backend/Controllers/k8s/storage/persistentVolume.DeletePersistentVolume (6 handlers)
[GIN-debug] POST   /storage/persistentVolume/update --> backend/Controllers/k8s/storage/persistentVolume.UpdatePersistentVolume (6 handlers)
[GIN-debug] GET    /storage/persistentVolume/get --> backend/Controllers/k8s/storage/persistentVolume.GetPersistentVolume (6 handlers)
[GIN-debug] GET    /storage/persistentVolumeClaims --> backend/Controllers/k8s/storage/persistentVolumeClaim.GetPersistentVolumeClaimsInfo (6 handlers)
[GIN-debug] POST   /storage/persistentVolumeClaim/delete --> backend/Controllers/k8s/storage/persistentVolumeClaim.DeletePersistentVolumeClaim (6 handlers)
[GIN-debug] POST   /storage/persistentVolumeClaim/update --> backend/Controllers/k8s/storage/persistentVolumeClaim.UpdatePersistentVolumeClaim (6 handlers)
[GIN-debug] GET    /storage/persistentVolumeClaim/get --> backend/Controllers/k8s/storage/persistentVolumeClaim.GetPersistentVolumeClaim (6 handlers)
[GIN-debug] GET    /storage/storageClasses   --> backend/Controllers/k8s/storage/storageClass.GetStorageClassesInfo (6 handlers)
[GIN-debug] POST   /storage/storageClass/delete --> backend/Controllers/k8s/storage/storageClass.DeletePersistentVolume (6 handlers)
[GIN-debug] POST   /storage/storageClass/update --> backend/Controllers/k8s/storage/storageClass.UpdatePersistentVolume (6 handlers)
[GIN-debug] GET    /storage/storageClass/get --> backend/Controllers/k8s/storage/storageClass.GetPersistentVolume (6 handlers)
[GIN-debug] GET    /svc/ingresses            --> backend/Controllers/k8s/SVC/ingress.GetIngressesInfo (6 handlers)
[GIN-debug] POST   /svc/ingress/delete       --> backend/Controllers/k8s/SVC/ingress.DeleteIngress (6 handlers)
[GIN-debug] POST   /svc/ingress/update       --> backend/Controllers/k8s/SVC/ingress.UpdateIngress (6 handlers)
[GIN-debug] GET    /svc/ingress/get          --> backend/Controllers/k8s/SVC/ingress.GetIngress (6 handlers)
[GIN-debug] GET    /svc/networkPolicies      --> backend/Controllers/k8s/SVC/networkPolicy.GetNetworkPoliciesInfo (6 handlers)
[GIN-debug] POST   /svc/networkPolicy/delete --> backend/Controllers/k8s/SVC/networkPolicy.DeleteNetworkPolicy (6 handlers)
[GIN-debug] POST   /svc/networkPolicy/update --> backend/Controllers/k8s/SVC/networkPolicy.UpdateNetworkPolicy (6 handlers)
[GIN-debug] GET    /svc/networkPolicy/get    --> backend/Controllers/k8s/SVC/networkPolicy.GetNetworkPolicy (6 handlers)
[GIN-debug] GET    /svc/services             --> backend/Controllers/k8s/SVC/service.GetServicesInfo (6 handlers)
[GIN-debug] POST   /svc/service/delete       --> backend/Controllers/k8s/SVC/service.DeleteService (6 handlers)
[GIN-debug] POST   /svc/service/update       --> backend/Controllers/k8s/SVC/service.UpdateService (6 handlers)
[GIN-debug] GET    /svc/service/get          --> backend/Controllers/k8s/SVC/service.GetService (6 handlers)
[GIN-debug] GET    /svc/endpoints            --> backend/Controllers/k8s/SVC/endpoint.GetEndpointsInfo (6 handlers)
[GIN-debug] POST   /svc/endpoint/delete      --> backend/Controllers/k8s/SVC/endpoint.Deleteendpoint (6 handlers)
[GIN-debug] POST   /svc/endpoint/update      --> backend/Controllers/k8s/SVC/endpoint.Updateendpoint (6 handlers)
[GIN-debug] GET    /svc/endpoint/get         --> backend/Controllers/k8s/SVC/endpoint.GetEndpoint (6 handlers)
[GIN-debug] GET    /workload/pods            --> backend/Controllers/k8s/workload/pod.GetPodsInfo (6 handlers)
[GIN-debug] GET    /workload/:namespace/:pod/:container/exec --> backend/Controllers/k8s/workload/pod.HandleExecShell (6 handlers)
[GIN-debug] GET    /workload/log/:namespace/:pod/:container --> backend/Controllers/k8s/workload/pod.HandleLogs (6 handlers)
[GIN-debug] GET    /workload/logfile/:namespace/:pod/:container --> backend/Controllers/k8s/workload/pod.HandleLogFile (6 handlers)
[GIN-debug] POST   /workload/pod/delete      --> backend/Controllers/k8s/workload/pod.DeletePod (6 handlers)
[GIN-debug] POST   /workload/pod/update      --> backend/Controllers/k8s/workload/pod.UpdatePod (6 handlers)
[GIN-debug] GET    /workload/pod/get         --> backend/Controllers/k8s/workload/pod.GetPod (6 handlers)
[GIN-debug] GET    /workload/deployments     --> backend/Controllers/k8s/workload/deployment.GetDeploymentsInfo (6 handlers)
[GIN-debug] POST   /workload/deployment/delete --> backend/Controllers/k8s/workload/deployment.DeleteDeployment (6 handlers)
[GIN-debug] POST   /workload/deployment/update --> backend/Controllers/k8s/workload/deployment.UpdateDeployment (6 handlers)
[GIN-debug] GET    /workload/deployment/get  --> backend/Controllers/k8s/workload/deployment.GetDeployment (6 handlers)
[GIN-debug] GET    /workload/daemonSets      --> backend/Controllers/k8s/workload/daemonSet.GetDaemonSetsInfo (6 handlers)
[GIN-debug] POST   /workload/daemonSet/delete --> backend/Controllers/k8s/workload/daemonSet.DeleteDaemonSet (6 handlers)
[GIN-debug] POST   /workload/daemonSet/update --> backend/Controllers/k8s/workload/daemonSet.UpdateDaemonSet (6 handlers)
[GIN-debug] GET    /workload/daemonSet/get   --> backend/Controllers/k8s/workload/daemonSet.GetDaemonSet (6 handlers)
[GIN-debug] GET    /workload/statefulSets    --> backend/Controllers/k8s/workload/statefulSet.GetStatefulSetsInfo (6 handlers)
[GIN-debug] POST   /workload/statefulSet/delete --> backend/Controllers/k8s/workload/statefulSet.DeleteStatefulSet (6 handlers)
[GIN-debug] POST   /workload/statefulSet/update --> backend/Controllers/k8s/workload/statefulSet.UpdateStatefulSet (6 handlers)
[GIN-debug] GET    /workload/statefulSet/get --> backend/Controllers/k8s/workload/statefulSet.GetStatefulSet (6 handlers)
[GIN-debug] GET    /workload/replicaSets     --> backend/Controllers/k8s/workload/replicaSet.GetReplicaSetsInfo (6 handlers)
[GIN-debug] POST   /workload/replicaSet/delete --> backend/Controllers/k8s/workload/replicaSet.DeleteReplicaSet (6 handlers)
[GIN-debug] POST   /workload/replicaSet/update --> backend/Controllers/k8s/workload/replicaSet.UpdateReplicaSet (6 handlers)
[GIN-debug] GET    /workload/replicaSet/get  --> backend/Controllers/k8s/workload/replicaSet.GetReplicaSet (6 handlers)
[GIN-debug] GET    /workload/replicationControllers --> backend/Controllers/k8s/workload/replicationController.GetReplicationControllersInfo (6 handlers)
[GIN-debug] POST   /workload/replicationController/delete --> backend/Controllers/k8s/workload/replicationController.DeleteReplicationController (6 handlers)
[GIN-debug] POST   /workload/replicationController/update --> backend/Controllers/k8s/workload/replicationController.UpdateReplicationController (6 handlers)
[GIN-debug] GET    /workload/replicationController/get --> backend/Controllers/k8s/workload/replicationController.GetReplicationController (6 handlers)
[GIN-debug] GET    /workload/cronJobs        --> backend/Controllers/k8s/workload/cronJob.GetCronJobsInfo (6 handlers)
[GIN-debug] POST   /workload/cronJob/delete  --> backend/Controllers/k8s/workload/cronJob.DeleteJob (6 handlers)
[GIN-debug] POST   /workload/cronJob/update  --> backend/Controllers/k8s/workload/cronJob.UpdateCronJob (6 handlers)
[GIN-debug] GET    /workload/cronJob/get     --> backend/Controllers/k8s/workload/cronJob.GetCronJob (6 handlers)
[GIN-debug] GET    /workload/jobs            --> backend/Controllers/k8s/workload/job.GetJobsInfo (6 handlers)
[GIN-debug] POST   /workload/job/delete      --> backend/Controllers/k8s/workload/job.DeleteJob (6 handlers)
[GIN-debug] POST   /workload/job/update      --> backend/Controllers/k8s/workload/job.UpdateJob (6 handlers)
[GIN-debug] GET    /workload/job/get         --> backend/Controllers/k8s/workload/job.GetJob (6 handlers)
[GIN-debug] Listening and serving HTTPS on :9090
[GIN-debug] [WARNING] You trusted all proxies, this is NOT safe. We recommend you to set a value.
Please check https://pkg.go.dev/github.com/gin-gonic/gin#readme-don-t-trust-all-proxies for details.
